Mono path[0] = 'C:/Users/August/Bootleg-Flappy-Bird/Build/Bootleg-Flappy-Bird_Data/Managed'
Mono config path = 'C:/Users/August/Bootleg-Flappy-Bird/Build/MonoBleedingEdge/etc'
[Physics::Module] Initialized MultithreadedJobDispatcher with 23 workers.
Initialize engine version: 2022.3.11f1 (d00248457e15)
[Subsystems] Discovering subsystems at path C:/Users/August/Bootleg-Flappy-Bird/Build/Bootleg-Flappy-Bird_Data/UnitySubsystems
Forcing GfxDevice: Null
GfxDevice: creating device client; threaded=0; jobified=0
NullGfxDevice:
    Version:  NULL 1.0 [1.0]
    Renderer: Null Device
    Vendor:   Unity Technologies
Begin MonoManager ReloadAssembly
- Loaded All Assemblies, in  0.616 seconds
- Finished resetting the current domain, in  0.001 seconds
ERROR: Shader Sprites/Default shader is not supported on this GPU (none of subshaders/fallbacks are suitable)
Microsoft Media Foundation video decoding to texture disabled: graphics device is Null, only Direct3D 11 and Direct3D 12 (only on desktop) are supported for hardware-accelerated video decoding.
ERROR: Shader Sprites/Mask shader is not supported on this GPU (none of subshaders/fallbacks are suitable)
ERROR: Shader TextMeshPro/Mobile/Distance Field shader is not supported on this GPU (none of subshaders/fallbacks are suitable)
WARNING: Shader Unsupported: 'TextMeshPro/Distance Field' - All subshaders removed
WARNING: Shader Did you use #pragma only_renderers and omit this platform?
WARNING: Shader If subshaders removal was intentional, you may have forgotten turning Fallback off?
ERROR: Shader TextMeshPro/Distance Field shader is not supported on this GPU (none of subshaders/fallbacks are suitable)
WARNING: Shader Unsupported: 'TextMeshPro/Distance Field' - All subshaders removed
WARNING: Shader Did you use #pragma only_renderers and omit this platform?
WARNING: Shader If subshaders removal was intentional, you may have forgotten turning Fallback off?
ERROR: Shader Unlit/Texture shader is not supported on this GPU (none of subshaders/fallbacks are suitable)
UnloadTime: 0.357800 ms
ERROR: Shader TextMeshPro/Sprite shader is not supported on this GPU (none of subshaders/fallbacks are suitable)
ERROR: Shader GUI/Text Shader shader is not supported on this GPU (none of subshaders/fallbacks are suitable)
Unknown communication error between Python. Python communication protocol: 1.5.0, Python library version: 0.30.0.
Couldn't connect to trainer on port 5039 using API version 1.5.0. Will perform inference instead.
Unreward moment
Unreward moment
Unreward moment
Unreward moment
Unreward moment
Unreward moment
Unreward moment
Unreward moment
Unreward moment
Unreward moment
Unreward moment
Unreward moment
Unreward moment
Unreward moment
Unreward moment
Unreward moment
Unreward moment
Unreward moment
Unreward moment
Unreward moment
Unreward moment
Unreward moment
Unreward moment
Unreward moment
Unreward moment
Unreward moment
Unreward moment
Unreward moment
Unreward moment
Unreward moment
Unreward moment
Unreward moment
Unreward moment
Unreward moment
Unreward moment
Unreward moment
Unreward moment
Unreward moment
Unreward moment
Unreward moment
Unreward moment
Unreward moment
Unreward moment
Unreward moment
Unreward moment
Unreward moment
Unreward moment
Unreward moment
Unreward moment
Unreward moment
Unreward moment
