Mono path[0] = 'C:/Users/noahk/Documents/Unity projects/Bootleg Flappy Bird/Build/Bootleg-Flappy-Bird_Data/Managed'
Mono config path = 'C:/Users/noahk/Documents/Unity projects/Bootleg Flappy Bird/Build/MonoBleedingEdge/etc'
[Physics::Module] Initialized MultithreadedJobDispatcher with 15 workers.
Initialize engine version: 2022.3.11f1 (d00248457e15)
[Subsystems] Discovering subsystems at path C:/Users/noahk/Documents/Unity projects/Bootleg Flappy Bird/Build/Bootleg-Flappy-Bird_Data/UnitySubsystems
Forcing GfxDevice: Null
GfxDevice: creating device client; threaded=0; jobified=0
NullGfxDevice:
    Version:  NULL 1.0 [1.0]
    Renderer: Null Device
    Vendor:   Unity Technologies
Begin MonoManager ReloadAssembly
- Loaded All Assemblies, in  0.949 seconds
- Finished resetting the current domain, in  0.002 seconds

=================================================================
	Native Crash Reporting
=================================================================
Got a UNKNOWN while executing native code. This usually indicates
a fatal error in the mono runtime or one of the native libraries 
used by your application.
=================================================================

=================================================================
	Managed Stacktrace:
=================================================================
=================================================================
Crash!!!
  ERROR: Error while initializing dbghelp.dll, GetLastError: 'The operation completed successfully.' (Address: 0000000000000000)

========== OUTPUTTING STACK TRACE ==================

  ERROR: Error while initializing dbghelp.dll, GetLastError: 'The operation completed successfully.' (Address: 0000000000000000)

========== END OF STACKTRACE ===========

A crash has been intercepted by the crash handler. For call stack and other details, see the latest crash report generated in:
 * C:/Users/noahk/AppData/Local/Temp/DefaultCompany/Bootleg-Flappy-Bird/Crashes
