Mono path[0] = 'C:/Users/noahk/Documents/Unity projects/Bootleg Flappy Bird/Build/Bootleg-Flappy-Bird_Data/Managed'
Mono config path = 'C:/Users/noahk/Documents/Unity projects/Bootleg Flappy Bird/Build/MonoBleedingEdge/etc'
[Physics::Module] Initialized MultithreadedJobDispatcher with 15 workers.
Initialize engine version: 2022.3.11f1 (d00248457e15)
[Subsystems] Discovering subsystems at path C:/Users/noahk/Documents/Unity projects/Bootleg Flappy Bird/Build/Bootleg-Flappy-Bird_Data/UnitySubsystems
Forcing GfxDevice: Null
GfxDevice: creating device client; threaded=0; jobified=0
NullGfxDevice:
    Version:  NULL 1.0 [1.0]
    Renderer: Null Device
    Vendor:   Unity Technologies
Begin MonoManager ReloadAssembly
* Assertion at C:\build\output\Unity-Technologies\mono\mono\mini\mini-exceptions.c:2196, condition `is_ok (error)' not met, function:setup_stack_trace, Could not allocate 48 bytes assembly:<unknown assembly> type:<unknown type> member:(null)

Crash!!!
  ERROR: Error while initializing dbghelp.dll, GetLastError: 'The operation completed successfully.' (Address: 0000000000000000)

========== OUTPUTTING STACK TRACE ==================

  ERROR: Error while initializing dbghelp.dll, GetLastError: 'The operation completed successfully.' (Address: 0000000000000000)

========== END OF STACKTRACE ===========

A crash has been intercepted by the crash handler. For call stack and other details, see the latest crash report generated in:
 * C:/Users/noahk/AppData/Local/Temp/DefaultCompany/Bootleg-Flappy-Bird/Crashes
